ARM GAS  /tmp/ccoA9Rz7.s 			page 1


   1              		.cpu cortex-m3
   2              		.arch armv7-m
   3              		.fpu softvfp
   4              		.eabi_attribute 20, 1
   5              		.eabi_attribute 21, 1
   6              		.eabi_attribute 23, 3
   7              		.eabi_attribute 24, 1
   8              		.eabi_attribute 25, 1
   9              		.eabi_attribute 26, 1
  10              		.eabi_attribute 30, 1
  11              		.eabi_attribute 34, 1
  12              		.eabi_attribute 18, 4
  13              		.file	"can_init.c"
  14              		.text
  15              	.Ltext0:
  16              		.cfi_sections	.debug_frame
  17              		.file 1 "Core/Src/can_init.c"
  18              		.section	.text.clock_enable,"ax",%progbits
  19              		.align	1
  20              		.global	clock_enable
  21              		.syntax unified
  22              		.thumb
  23              		.thumb_func
  25              	clock_enable:
  26              	.LFB65:
   1:Core/Src/can_init.c **** #include "can_init.h"
   2:Core/Src/can_init.c **** 
   3:Core/Src/can_init.c **** 
   4:Core/Src/can_init.c **** /*
   5:Core/Src/can_init.c ****  *
   6:Core/Src/can_init.c ****  *  to filter a group of identifiers, configure the Mask/identifier register in mask mode
   7:Core/Src/can_init.c ****  *  to select single identifiers,configure the  Mask/identifier register in list mode 
   8:Core/Src/can_init.c ****  *
   9:Core/Src/can_init.c ****  *
  10:Core/Src/can_init.c ****  *
  11:Core/Src/can_init.c ****  *
  12:Core/Src/can_init.c ****  *
  13:Core/Src/can_init.c ****  * 
  14:Core/Src/can_init.c ****  * */
  15:Core/Src/can_init.c **** 
  16:Core/Src/can_init.c **** 
  17:Core/Src/can_init.c **** 
  18:Core/Src/can_init.c **** 
  19:Core/Src/can_init.c **** CAN_Msg CAN_TxMsg;
  20:Core/Src/can_init.c **** CAN_Msg CAN_RxMsg;
  21:Core/Src/can_init.c **** 
  22:Core/Src/can_init.c **** 
  23:Core/Src/can_init.c **** void clock_enable(void){
  27              		.loc 1 23 24 view -0
  28              		.cfi_startproc
  29              		@ args = 0, pretend = 0, frame = 0
  30              		@ frame_needed = 0, uses_anonymous_args = 0
  31              		@ link register save eliminated.
  24:Core/Src/can_init.c ****     RCC->APB2ENR |= (1<<0); //enable alternate function clock
  32              		.loc 1 24 5 view .LVU1
  33              		.loc 1 24 8 is_stmt 0 view .LVU2
  34 0000 064B     		ldr	r3, .L2
ARM GAS  /tmp/ccoA9Rz7.s 			page 2


  35 0002 9A69     		ldr	r2, [r3, #24]
  36              		.loc 1 24 18 view .LVU3
  37 0004 42F00102 		orr	r2, r2, #1
  38 0008 9A61     		str	r2, [r3, #24]
  25:Core/Src/can_init.c ****     RCC->APB2ENR |= (1<<2); //enable gpioa clock
  39              		.loc 1 25 5 is_stmt 1 view .LVU4
  40              		.loc 1 25 8 is_stmt 0 view .LVU5
  41 000a 9A69     		ldr	r2, [r3, #24]
  42              		.loc 1 25 18 view .LVU6
  43 000c 42F00402 		orr	r2, r2, #4
  44 0010 9A61     		str	r2, [r3, #24]
  26:Core/Src/can_init.c ****     RCC->APB1ENR |= (1<<25); //enable can clock
  45              		.loc 1 26 5 is_stmt 1 view .LVU7
  46              		.loc 1 26 8 is_stmt 0 view .LVU8
  47 0012 DA69     		ldr	r2, [r3, #28]
  48              		.loc 1 26 18 view .LVU9
  49 0014 42F00072 		orr	r2, r2, #33554432
  50 0018 DA61     		str	r2, [r3, #28]
  27:Core/Src/can_init.c **** }
  51              		.loc 1 27 1 view .LVU10
  52 001a 7047     		bx	lr
  53              	.L3:
  54              		.align	2
  55              	.L2:
  56 001c 00100240 		.word	1073876992
  57              		.cfi_endproc
  58              	.LFE65:
  60              		.section	.text.led_init,"ax",%progbits
  61              		.align	1
  62              		.global	led_init
  63              		.syntax unified
  64              		.thumb
  65              		.thumb_func
  67              	led_init:
  68              	.LFB66:
  28:Core/Src/can_init.c **** 
  29:Core/Src/can_init.c **** void led_init(void){
  69              		.loc 1 29 20 is_stmt 1 view -0
  70              		.cfi_startproc
  71              		@ args = 0, pretend = 0, frame = 0
  72              		@ frame_needed = 0, uses_anonymous_args = 0
  73              		@ link register save eliminated.
  30:Core/Src/can_init.c ****     RCC->APB2ENR |= (1<<4);
  74              		.loc 1 30 5 view .LVU12
  75              		.loc 1 30 8 is_stmt 0 view .LVU13
  76 0000 0D4A     		ldr	r2, .L5
  77 0002 9369     		ldr	r3, [r2, #24]
  78              		.loc 1 30 18 view .LVU14
  79 0004 43F01003 		orr	r3, r3, #16
  80 0008 9361     		str	r3, [r2, #24]
  31:Core/Src/can_init.c **** 
  32:Core/Src/can_init.c ****     GPIOC->CRH |= (1<<20);
  81              		.loc 1 32 5 is_stmt 1 view .LVU15
  82              		.loc 1 32 10 is_stmt 0 view .LVU16
  83 000a 0C4B     		ldr	r3, .L5+4
  84 000c 5A68     		ldr	r2, [r3, #4]
  85              		.loc 1 32 16 view .LVU17
ARM GAS  /tmp/ccoA9Rz7.s 			page 3


  86 000e 42F48012 		orr	r2, r2, #1048576
  87 0012 5A60     		str	r2, [r3, #4]
  33:Core/Src/can_init.c ****     GPIOC->CRH |= (1<<21);
  88              		.loc 1 33 5 is_stmt 1 view .LVU18
  89              		.loc 1 33 10 is_stmt 0 view .LVU19
  90 0014 5A68     		ldr	r2, [r3, #4]
  91              		.loc 1 33 16 view .LVU20
  92 0016 42F40012 		orr	r2, r2, #2097152
  93 001a 5A60     		str	r2, [r3, #4]
  34:Core/Src/can_init.c **** 
  35:Core/Src/can_init.c ****     GPIOC->CRH &= ~(1<<22);
  94              		.loc 1 35 5 is_stmt 1 view .LVU21
  95              		.loc 1 35 10 is_stmt 0 view .LVU22
  96 001c 5A68     		ldr	r2, [r3, #4]
  97              		.loc 1 35 16 view .LVU23
  98 001e 22F48002 		bic	r2, r2, #4194304
  99 0022 5A60     		str	r2, [r3, #4]
  36:Core/Src/can_init.c ****     GPIOC->CRH &= ~(1<<23);
 100              		.loc 1 36 5 is_stmt 1 view .LVU24
 101              		.loc 1 36 10 is_stmt 0 view .LVU25
 102 0024 5A68     		ldr	r2, [r3, #4]
 103              		.loc 1 36 16 view .LVU26
 104 0026 22F40002 		bic	r2, r2, #8388608
 105 002a 5A60     		str	r2, [r3, #4]
  37:Core/Src/can_init.c **** 
  38:Core/Src/can_init.c ****     GPIOC->ODR |= (1<<13);
 106              		.loc 1 38 5 is_stmt 1 view .LVU27
 107              		.loc 1 38 10 is_stmt 0 view .LVU28
 108 002c DA68     		ldr	r2, [r3, #12]
 109              		.loc 1 38 16 view .LVU29
 110 002e 42F40052 		orr	r2, r2, #8192
 111 0032 DA60     		str	r2, [r3, #12]
  39:Core/Src/can_init.c **** }
 112              		.loc 1 39 1 view .LVU30
 113 0034 7047     		bx	lr
 114              	.L6:
 115 0036 00BF     		.align	2
 116              	.L5:
 117 0038 00100240 		.word	1073876992
 118 003c 00100140 		.word	1073811456
 119              		.cfi_endproc
 120              	.LFE66:
 122              		.section	.text.led_on,"ax",%progbits
 123              		.align	1
 124              		.global	led_on
 125              		.syntax unified
 126              		.thumb
 127              		.thumb_func
 129              	led_on:
 130              	.LFB67:
  40:Core/Src/can_init.c **** void led_on(void){
 131              		.loc 1 40 18 is_stmt 1 view -0
 132              		.cfi_startproc
 133              		@ args = 0, pretend = 0, frame = 0
 134              		@ frame_needed = 0, uses_anonymous_args = 0
 135              		@ link register save eliminated.
  41:Core/Src/can_init.c ****     GPIOC->ODR &= ~(1<<13);
ARM GAS  /tmp/ccoA9Rz7.s 			page 4


 136              		.loc 1 41 5 view .LVU32
 137              		.loc 1 41 10 is_stmt 0 view .LVU33
 138 0000 024A     		ldr	r2, .L8
 139 0002 D368     		ldr	r3, [r2, #12]
 140              		.loc 1 41 16 view .LVU34
 141 0004 23F40053 		bic	r3, r3, #8192
 142 0008 D360     		str	r3, [r2, #12]
  42:Core/Src/can_init.c **** 
  43:Core/Src/can_init.c **** }
 143              		.loc 1 43 1 view .LVU35
 144 000a 7047     		bx	lr
 145              	.L9:
 146              		.align	2
 147              	.L8:
 148 000c 00100140 		.word	1073811456
 149              		.cfi_endproc
 150              	.LFE67:
 152              		.section	.text.gpio_enable,"ax",%progbits
 153              		.align	1
 154              		.global	gpio_enable
 155              		.syntax unified
 156              		.thumb
 157              		.thumb_func
 159              	gpio_enable:
 160              	.LFB68:
  44:Core/Src/can_init.c **** void gpio_enable(void){
 161              		.loc 1 44 23 is_stmt 1 view -0
 162              		.cfi_startproc
 163              		@ args = 0, pretend = 0, frame = 0
 164              		@ frame_needed = 0, uses_anonymous_args = 0
 165              		@ link register save eliminated.
  45:Core/Src/can_init.c ****     
  46:Core/Src/can_init.c ****     //pa12 -> can_tx -> alternate function output push-pull
  47:Core/Src/can_init.c ****     //pa11 -> can_rx -> input push-pull
  48:Core/Src/can_init.c ****     
  49:Core/Src/can_init.c ****     GPIOA->CRH = ~(0xFFFFFFFF);
 166              		.loc 1 49 5 view .LVU37
 167              		.loc 1 49 16 is_stmt 0 view .LVU38
 168 0000 114B     		ldr	r3, .L11
 169 0002 0022     		movs	r2, #0
 170 0004 5A60     		str	r2, [r3, #4]
  50:Core/Src/can_init.c **** 
  51:Core/Src/can_init.c ****     GPIOA->CRH &= ~(1<<12);
 171              		.loc 1 51 5 is_stmt 1 view .LVU39
 172              		.loc 1 51 10 is_stmt 0 view .LVU40
 173 0006 5A68     		ldr	r2, [r3, #4]
 174              		.loc 1 51 16 view .LVU41
 175 0008 22F48052 		bic	r2, r2, #4096
 176 000c 5A60     		str	r2, [r3, #4]
  52:Core/Src/can_init.c ****     GPIOA->CRH &= ~(1<<13);
 177              		.loc 1 52 5 is_stmt 1 view .LVU42
 178              		.loc 1 52 10 is_stmt 0 view .LVU43
 179 000e 5A68     		ldr	r2, [r3, #4]
 180              		.loc 1 52 16 view .LVU44
 181 0010 22F40052 		bic	r2, r2, #8192
 182 0014 5A60     		str	r2, [r3, #4]
  53:Core/Src/can_init.c **** 
ARM GAS  /tmp/ccoA9Rz7.s 			page 5


  54:Core/Src/can_init.c ****     GPIOA->CRH &=  ~(1<<14);      
 183              		.loc 1 54 5 is_stmt 1 view .LVU45
 184              		.loc 1 54 10 is_stmt 0 view .LVU46
 185 0016 5A68     		ldr	r2, [r3, #4]
 186              		.loc 1 54 16 view .LVU47
 187 0018 22F48042 		bic	r2, r2, #16384
 188 001c 5A60     		str	r2, [r3, #4]
  55:Core/Src/can_init.c ****     GPIOA->CRH |=  (1<<15);
 189              		.loc 1 55 5 is_stmt 1 view .LVU48
 190              		.loc 1 55 10 is_stmt 0 view .LVU49
 191 001e 5A68     		ldr	r2, [r3, #4]
 192              		.loc 1 55 16 view .LVU50
 193 0020 42F40042 		orr	r2, r2, #32768
 194 0024 5A60     		str	r2, [r3, #4]
  56:Core/Src/can_init.c **** 
  57:Core/Src/can_init.c ****     GPIOA->CRH |= (1<<16);
 195              		.loc 1 57 5 is_stmt 1 view .LVU51
 196              		.loc 1 57 10 is_stmt 0 view .LVU52
 197 0026 5A68     		ldr	r2, [r3, #4]
 198              		.loc 1 57 16 view .LVU53
 199 0028 42F48032 		orr	r2, r2, #65536
 200 002c 5A60     		str	r2, [r3, #4]
  58:Core/Src/can_init.c ****     GPIOA->CRH |= (1<<17);
 201              		.loc 1 58 5 is_stmt 1 view .LVU54
 202              		.loc 1 58 10 is_stmt 0 view .LVU55
 203 002e 5A68     		ldr	r2, [r3, #4]
 204              		.loc 1 58 16 view .LVU56
 205 0030 42F40032 		orr	r2, r2, #131072
 206 0034 5A60     		str	r2, [r3, #4]
  59:Core/Src/can_init.c **** 
  60:Core/Src/can_init.c ****     GPIOA->CRH &= ~(1<<18);
 207              		.loc 1 60 5 is_stmt 1 view .LVU57
 208              		.loc 1 60 10 is_stmt 0 view .LVU58
 209 0036 5A68     		ldr	r2, [r3, #4]
 210              		.loc 1 60 16 view .LVU59
 211 0038 22F48022 		bic	r2, r2, #262144
 212 003c 5A60     		str	r2, [r3, #4]
  61:Core/Src/can_init.c ****     GPIOA->CRH |= (1<<19);
 213              		.loc 1 61 5 is_stmt 1 view .LVU60
 214              		.loc 1 61 10 is_stmt 0 view .LVU61
 215 003e 5A68     		ldr	r2, [r3, #4]
 216              		.loc 1 61 16 view .LVU62
 217 0040 42F40022 		orr	r2, r2, #524288
 218 0044 5A60     		str	r2, [r3, #4]
  62:Core/Src/can_init.c **** 
  63:Core/Src/can_init.c **** }
 219              		.loc 1 63 1 view .LVU63
 220 0046 7047     		bx	lr
 221              	.L12:
 222              		.align	2
 223              	.L11:
 224 0048 00080140 		.word	1073809408
 225              		.cfi_endproc
 226              	.LFE68:
 228              		.section	.text.can_init,"ax",%progbits
 229              		.align	1
 230              		.global	can_init
ARM GAS  /tmp/ccoA9Rz7.s 			page 6


 231              		.syntax unified
 232              		.thumb
 233              		.thumb_func
 235              	can_init:
 236              	.LFB69:
  64:Core/Src/can_init.c **** void can_init(void){
 237              		.loc 1 64 20 is_stmt 1 view -0
 238              		.cfi_startproc
 239              		@ args = 0, pretend = 0, frame = 0
 240              		@ frame_needed = 0, uses_anonymous_args = 0
 241              		@ link register save eliminated.
  65:Core/Src/can_init.c **** 
  66:Core/Src/can_init.c ****     NVIC->ISER[0] |= (1 << (USB_HP_CAN1_TX_IRQn  & 0x1F));//
 242              		.loc 1 66 5 view .LVU65
 243              		.loc 1 66 15 is_stmt 0 view .LVU66
 244 0000 1F4B     		ldr	r3, .L14
 245 0002 1A68     		ldr	r2, [r3]
 246              		.loc 1 66 19 view .LVU67
 247 0004 42F40022 		orr	r2, r2, #524288
 248 0008 1A60     		str	r2, [r3]
  67:Core/Src/can_init.c ****     NVIC->ISER[0] |= (1 << (USB_LP_CAN1_RX0_IRQn & 0x1F));//
 249              		.loc 1 67 5 is_stmt 1 view .LVU68
 250              		.loc 1 67 15 is_stmt 0 view .LVU69
 251 000a 1A68     		ldr	r2, [r3]
 252              		.loc 1 67 19 view .LVU70
 253 000c 42F48012 		orr	r2, r2, #1048576
 254 0010 1A60     		str	r2, [r3]
  68:Core/Src/can_init.c **** 
  69:Core/Src/can_init.c ****     CAN1->MCR    = 0;
 255              		.loc 1 69 5 is_stmt 1 view .LVU71
 256              		.loc 1 69 18 is_stmt 0 view .LVU72
 257 0012 1C4B     		ldr	r3, .L14+4
 258 0014 0022     		movs	r2, #0
 259 0016 1A60     		str	r2, [r3]
  70:Core/Src/can_init.c ****     CAN1->MCR   &= ~(CAN_MCR_SLEEP);
 260              		.loc 1 70 5 is_stmt 1 view .LVU73
 261              		.loc 1 70 9 is_stmt 0 view .LVU74
 262 0018 1A68     		ldr	r2, [r3]
 263              		.loc 1 70 17 view .LVU75
 264 001a 22F00202 		bic	r2, r2, #2
 265 001e 1A60     		str	r2, [r3]
  71:Core/Src/can_init.c ****     CAN1->MCR   |=   CAN_MCR_INRQ;
 266              		.loc 1 71 5 is_stmt 1 view .LVU76
 267              		.loc 1 71 9 is_stmt 0 view .LVU77
 268 0020 1A68     		ldr	r2, [r3]
 269              		.loc 1 71 17 view .LVU78
 270 0022 42F00102 		orr	r2, r2, #1
 271 0026 1A60     		str	r2, [r3]
  72:Core/Src/can_init.c ****     
  73:Core/Src/can_init.c ****     
  74:Core/Src/can_init.c ****     CAN1->IER   |= (CAN_IER_FMPIE0 | CAN_IER_TMEIE);
 272              		.loc 1 74 5 is_stmt 1 view .LVU79
 273              		.loc 1 74 9 is_stmt 0 view .LVU80
 274 0028 5A69     		ldr	r2, [r3, #20]
 275              		.loc 1 74 17 view .LVU81
 276 002a 42F00302 		orr	r2, r2, #3
 277 002e 5A61     		str	r2, [r3, #20]
ARM GAS  /tmp/ccoA9Rz7.s 			page 7


  75:Core/Src/can_init.c ****     
  76:Core/Src/can_init.c ****     CAN1->MCR   &=    ~(1<<16); //CAN working during debug
 278              		.loc 1 76 5 is_stmt 1 view .LVU82
 279              		.loc 1 76 9 is_stmt 0 view .LVU83
 280 0030 1A68     		ldr	r2, [r3]
 281              		.loc 1 76 17 view .LVU84
 282 0032 22F48032 		bic	r2, r2, #65536
 283 0036 1A60     		str	r2, [r3]
  77:Core/Src/can_init.c ****     CAN1->MCR   &=    ~(1<<2);  //Transfer priority driven by the identifier
 284              		.loc 1 77 5 is_stmt 1 view .LVU85
 285              		.loc 1 77 9 is_stmt 0 view .LVU86
 286 0038 1A68     		ldr	r2, [r3]
 287              		.loc 1 77 17 view .LVU87
 288 003a 22F00402 		bic	r2, r2, #4
 289 003e 1A60     		str	r2, [r3]
  78:Core/Src/can_init.c ****     //CAN1->MCR   |=     (1<<3);  //Receive FIFO locked mode  - bunu değiştir 0 yap sürekli değ
  79:Core/Src/can_init.c ****     CAN1->MCR   &=    ~(1<<3);
 290              		.loc 1 79 5 is_stmt 1 view .LVU88
 291              		.loc 1 79 9 is_stmt 0 view .LVU89
 292 0040 1A68     		ldr	r2, [r3]
 293              		.loc 1 79 17 view .LVU90
 294 0042 22F00802 		bic	r2, r2, #8
 295 0046 1A60     		str	r2, [r3]
  80:Core/Src/can_init.c ****     CAN1->MCR   |=     (1<<4);  //No automatic retransmission
 296              		.loc 1 80 5 is_stmt 1 view .LVU91
 297              		.loc 1 80 9 is_stmt 0 view .LVU92
 298 0048 1A68     		ldr	r2, [r3]
 299              		.loc 1 80 17 view .LVU93
 300 004a 42F01002 		orr	r2, r2, #16
 301 004e 1A60     		str	r2, [r3]
  81:Core/Src/can_init.c ****     CAN1->MCR   &=    ~(1<<5);  //No automatic wake-up mode
 302              		.loc 1 81 5 is_stmt 1 view .LVU94
 303              		.loc 1 81 9 is_stmt 0 view .LVU95
 304 0050 1A68     		ldr	r2, [r3]
 305              		.loc 1 81 17 view .LVU96
 306 0052 22F02002 		bic	r2, r2, #32
 307 0056 1A60     		str	r2, [r3]
  82:Core/Src/can_init.c ****     CAN1->MCR   &=     ~(1<<6);  //No automatic bus-off managment 
 308              		.loc 1 82 5 is_stmt 1 view .LVU97
 309              		.loc 1 82 9 is_stmt 0 view .LVU98
 310 0058 1A68     		ldr	r2, [r3]
 311              		.loc 1 82 17 view .LVU99
 312 005a 22F04002 		bic	r2, r2, #64
 313 005e 1A60     		str	r2, [r3]
  83:Core/Src/can_init.c ****     CAN1->MCR   &=    ~(1<<7);  //Time triggered mode disabled
 314              		.loc 1 83 5 is_stmt 1 view .LVU100
 315              		.loc 1 83 9 is_stmt 0 view .LVU101
 316 0060 1A68     		ldr	r2, [r3]
 317              		.loc 1 83 17 view .LVU102
 318 0062 22F08002 		bic	r2, r2, #128
 319 0066 1A60     		str	r2, [r3]
  84:Core/Src/can_init.c ****  
  85:Core/Src/can_init.c **** 
  86:Core/Src/can_init.c ****     //CAN1->BTR |= (2<<0) | (6<<16) | (1<<20) | (1<<24);
  87:Core/Src/can_init.c ****     CAN1->BTR   &= ~(((0x03) << 24) | ((0x07) << 20) | ((0x0F) << 16) | (0x1FF)); 
 320              		.loc 1 87 5 is_stmt 1 view .LVU103
 321              		.loc 1 87 9 is_stmt 0 view .LVU104
ARM GAS  /tmp/ccoA9Rz7.s 			page 8


 322 0068 D969     		ldr	r1, [r3, #28]
 323              		.loc 1 87 17 view .LVU105
 324 006a 074A     		ldr	r2, .L14+8
 325 006c 0A40     		ands	r2, r2, r1
 326 006e DA61     		str	r2, [r3, #28]
  88:Core/Src/can_init.c ****     //CAN1->BTR   |=  (((1-1) & (0x03))<<24) | (((3-1) & (0x07)) << 20) | (((4-1) & 0x0F) << 16) | 
  89:Core/Src/can_init.c ****     CAN1->BTR    = 0x001c0000;
 327              		.loc 1 89 5 is_stmt 1 view .LVU106
 328              		.loc 1 89 18 is_stmt 0 view .LVU107
 329 0070 4FF4E012 		mov	r2, #1835008
 330 0074 DA61     		str	r2, [r3, #28]
  90:Core/Src/can_init.c ****     //CAN1->BTR |= (1<<30); //Enable LoopBack Mode*/
  91:Core/Src/can_init.c ****     CAN1->MCR   &= ~(CAN_MCR_INRQ);				//exit initilization mode
 331              		.loc 1 91 5 is_stmt 1 view .LVU108
 332              		.loc 1 91 9 is_stmt 0 view .LVU109
 333 0076 1A68     		ldr	r2, [r3]
 334              		.loc 1 91 17 view .LVU110
 335 0078 22F00102 		bic	r2, r2, #1
 336 007c 1A60     		str	r2, [r3]
  92:Core/Src/can_init.c **** }
 337              		.loc 1 92 1 view .LVU111
 338 007e 7047     		bx	lr
 339              	.L15:
 340              		.align	2
 341              	.L14:
 342 0080 00E100E0 		.word	-536813312
 343 0084 00640040 		.word	1073767424
 344 0088 00FE80FC 		.word	-58655232
 345              		.cfi_endproc
 346              	.LFE69:
 348              		.section	.text.can_filtre_ayarlama_takay03,"ax",%progbits
 349              		.align	1
 350              		.global	can_filtre_ayarlama_takay03
 351              		.syntax unified
 352              		.thumb
 353              		.thumb_func
 355              	can_filtre_ayarlama_takay03:
 356              	.LVL0:
 357              	.LFB70:
  93:Core/Src/can_init.c **** 
  94:Core/Src/can_init.c **** 
  95:Core/Src/can_init.c **** void can_filtre_ayarlama_takay03(uint32_t id, unsigned char format){
 358              		.loc 1 95 68 is_stmt 1 view -0
 359              		.cfi_startproc
 360              		@ args = 0, pretend = 0, frame = 0
 361              		@ frame_needed = 0, uses_anonymous_args = 0
 362              		@ link register save eliminated.
  96:Core/Src/can_init.c ****     /*
  97:Core/Src/can_init.c ****     unsigned int CAN_MsgIdx = 0;
  98:Core/Src/can_init.c ****     static unsigned short CAN_FilterId = 0;
  99:Core/Src/can_init.c ****     CAN1->FMR                               |=  (1<<0);                     //Filter init mode
 100:Core/Src/can_init.c ****     CAN1->FA1R                              &= ~(1<<CAN_FilterId);          //Deactive Filter Id
 101:Core/Src/can_init.c ****     CAN1->FS1R                              |=  (1<<CAN_FilterId);          //Single 32-bit scale c
 102:Core/Src/can_init.c ****     CAN1->FM1R                              |=  (1<<CAN_FilterId);          //Two 32-bit register L
 103:Core/Src/can_init.c ****     CAN1->sFilterRegister[CAN_FilterId].FR1  =  CAN_MsgId;                  //32-bit identifier
 104:Core/Src/can_init.c ****     //CAN1->sFilterRegister[CAN_FilterId].FR2  =  CAN_MsgId;                  //32-bit identifier
 105:Core/Src/can_init.c ****     CAN1->FFA1R                             &= ~(1<<CAN_FilterId);          //Filter assign to FIFO
ARM GAS  /tmp/ccoA9Rz7.s 			page 9


 106:Core/Src/can_init.c ****     CAN1->FA1R                              |=  (1<<CAN_FilterId);          //Active filter
 107:Core/Src/can_init.c ****     CAN1->FMR                               &= ~(1<<0);                     //Reset init mode
 108:Core/Src/can_init.c ****     CAN_FilterId += 1;
 109:Core/Src/can_init.c ****     */
 110:Core/Src/can_init.c ****    static unsigned short CAN_filterIdx = 0;
 363              		.loc 1 110 4 view .LVU113
 111:Core/Src/can_init.c ****          unsigned int   CAN_msgId     = 0;
 364              		.loc 1 111 10 view .LVU114
 112:Core/Src/can_init.c ****   
 113:Core/Src/can_init.c ****   if (CAN_filterIdx > 13) {                       // check if Filter Memory is full
 365              		.loc 1 113 3 view .LVU115
 366              		.loc 1 113 21 is_stmt 0 view .LVU116
 367 0000 204B     		ldr	r3, .L20
 368 0002 B3F800C0 		ldrh	ip, [r3]
 369              		.loc 1 113 6 view .LVU117
 370 0006 BCF10D0F 		cmp	ip, #13
 371 000a 37D8     		bhi	.L16
 114:Core/Src/can_init.c ****     return;
 115:Core/Src/can_init.c ****   }
 116:Core/Src/can_init.c ****                                                   // Setup identifier information
 117:Core/Src/can_init.c ****   if (format == STANDART_FORMAT)  {               // Standard ID
 372              		.loc 1 117 3 is_stmt 1 view .LVU118
 373              		.loc 1 117 6 is_stmt 0 view .LVU119
 374 000c B9BB     		cbnz	r1, .L18
 118:Core/Src/can_init.c ****       CAN_msgId  |= (unsigned int)(id << 21);
 375              		.loc 1 118 7 is_stmt 1 view .LVU120
 376              		.loc 1 118 21 is_stmt 0 view .LVU121
 377 000e 4005     		lsls	r0, r0, #21
 378              	.LVL1:
 379              	.L19:
 119:Core/Src/can_init.c ****   }  else  {                                      // Extended ID
 120:Core/Src/can_init.c ****       CAN_msgId  |= (unsigned int)(id<<3);
 121:Core/Src/can_init.c ****   }
 122:Core/Src/can_init.c **** 
 123:Core/Src/can_init.c ****   CAN1->FMR  |=  CAN_FMR_FINIT;                    // set Initialisation mode for filter banks
 380              		.loc 1 123 3 is_stmt 1 view .LVU122
 381              		.loc 1 123 7 is_stmt 0 view .LVU123
 382 0010 1D4B     		ldr	r3, .L20+4
 383 0012 D3F80022 		ldr	r2, [r3, #512]
 384              		.loc 1 123 14 view .LVU124
 385 0016 42F00102 		orr	r2, r2, #1
 386 001a C3F80022 		str	r2, [r3, #512]
 124:Core/Src/can_init.c ****   CAN1->FA1R &=  ~(unsigned int)(1 << CAN_filterIdx); // deactivate filter
 387              		.loc 1 124 3 is_stmt 1 view .LVU125
 388              		.loc 1 124 7 is_stmt 0 view .LVU126
 389 001e D3F81C12 		ldr	r1, [r3, #540]
 390              	.LVL2:
 391              		.loc 1 124 36 view .LVU127
 392 0022 0122     		movs	r2, #1
 393 0024 02FA0CF2 		lsl	r2, r2, ip
 394              		.loc 1 124 14 view .LVU128
 395 0028 21EA0201 		bic	r1, r1, r2
 396 002c C3F81C12 		str	r1, [r3, #540]
 125:Core/Src/can_init.c **** 
 126:Core/Src/can_init.c ****                                                   // initialize filter   
 127:Core/Src/can_init.c ****   CAN1->FS1R |= (unsigned int)(1 << CAN_filterIdx);// set 32-bit scale configuration
 397              		.loc 1 127 3 is_stmt 1 view .LVU129
ARM GAS  /tmp/ccoA9Rz7.s 			page 10


 398              		.loc 1 127 7 is_stmt 0 view .LVU130
 399 0030 D3F80C12 		ldr	r1, [r3, #524]
 400              		.loc 1 127 14 view .LVU131
 401 0034 1143     		orrs	r1, r1, r2
 402 0036 C3F80C12 		str	r1, [r3, #524]
 128:Core/Src/can_init.c ****   CAN1->FM1R |= (unsigned int)(1 << CAN_filterIdx);// set 2 32-bit identifier list mode
 403              		.loc 1 128 3 is_stmt 1 view .LVU132
 404              		.loc 1 128 7 is_stmt 0 view .LVU133
 405 003a D3F80412 		ldr	r1, [r3, #516]
 406              		.loc 1 128 14 view .LVU134
 407 003e 1143     		orrs	r1, r1, r2
 408 0040 C3F80412 		str	r1, [r3, #516]
 129:Core/Src/can_init.c **** 
 130:Core/Src/can_init.c ****   CAN1->sFilterRegister[CAN_filterIdx].FR1 =  CAN_msgId; //  32-bit identifier
 409              		.loc 1 130 3 is_stmt 1 view .LVU135
 410              		.loc 1 130 44 is_stmt 0 view .LVU136
 411 0044 0CF14801 		add	r1, ip, #72
 412 0048 43F83100 		str	r0, [r3, r1, lsl #3]
 131:Core/Src/can_init.c ****   CAN1->sFilterRegister[CAN_filterIdx].FR2 = CAN_msgId; //  32-bit identifier
 413              		.loc 1 131 3 is_stmt 1 view .LVU137
 414              		.loc 1 131 44 is_stmt 0 view .LVU138
 415 004c 03EBC101 		add	r1, r3, r1, lsl #3
 416 0050 4860     		str	r0, [r1, #4]
 132:Core/Src/can_init.c **** 
 133:Core/Src/can_init.c ****     													   
 134:Core/Src/can_init.c ****   CAN1->FFA1R &= ~(unsigned int)(1 << CAN_filterIdx);  // assign filter to FIFO 0
 417              		.loc 1 134 3 is_stmt 1 view .LVU139
 418              		.loc 1 134 7 is_stmt 0 view .LVU140
 419 0052 D3F81412 		ldr	r1, [r3, #532]
 420              		.loc 1 134 15 view .LVU141
 421 0056 21EA0201 		bic	r1, r1, r2
 422 005a C3F81412 		str	r1, [r3, #532]
 135:Core/Src/can_init.c ****   CAN1->FA1R  |=  (unsigned int)(1 << CAN_filterIdx);  // activate filter
 423              		.loc 1 135 3 is_stmt 1 view .LVU142
 424              		.loc 1 135 7 is_stmt 0 view .LVU143
 425 005e D3F81C12 		ldr	r1, [r3, #540]
 426              		.loc 1 135 15 view .LVU144
 427 0062 0A43     		orrs	r2, r2, r1
 428 0064 C3F81C22 		str	r2, [r3, #540]
 136:Core/Src/can_init.c **** 
 137:Core/Src/can_init.c ****   CAN1->FMR &= ~CAN_FMR_FINIT;                     // reset Initialisation mode for filter banks
 429              		.loc 1 137 3 is_stmt 1 view .LVU145
 430              		.loc 1 137 7 is_stmt 0 view .LVU146
 431 0068 D3F80022 		ldr	r2, [r3, #512]
 432              		.loc 1 137 13 view .LVU147
 433 006c 22F00102 		bic	r2, r2, #1
 434 0070 C3F80022 		str	r2, [r3, #512]
 138:Core/Src/can_init.c **** 
 139:Core/Src/can_init.c ****   CAN_filterIdx += 1;                             // increase filter index
 435              		.loc 1 139 3 is_stmt 1 view .LVU148
 436              		.loc 1 139 17 is_stmt 0 view .LVU149
 437 0074 0CF10103 		add	r3, ip, #1
 438 0078 024A     		ldr	r2, .L20
 439 007a 1380     		strh	r3, [r2]	@ movhi
 440              	.LVL3:
 441              	.L16:
 140:Core/Src/can_init.c **** 
ARM GAS  /tmp/ccoA9Rz7.s 			page 11


 141:Core/Src/can_init.c **** }
 442              		.loc 1 141 1 view .LVU150
 443 007c 7047     		bx	lr
 444              	.LVL4:
 445              	.L18:
 120:Core/Src/can_init.c ****   }
 446              		.loc 1 120 7 is_stmt 1 view .LVU151
 120:Core/Src/can_init.c ****   }
 447              		.loc 1 120 21 is_stmt 0 view .LVU152
 448 007e C000     		lsls	r0, r0, #3
 449              	.LVL5:
 120:Core/Src/can_init.c ****   }
 450              		.loc 1 120 21 view .LVU153
 451 0080 C6E7     		b	.L19
 452              	.L21:
 453 0082 00BF     		.align	2
 454              	.L20:
 455 0084 00000000 		.word	CAN_filterIdx.0
 456 0088 00640040 		.word	1073767424
 457              		.cfi_endproc
 458              	.LFE70:
 460              		.section	.text.readMessage,"ax",%progbits
 461              		.align	1
 462              		.global	readMessage
 463              		.syntax unified
 464              		.thumb
 465              		.thumb_func
 467              	readMessage:
 468              	.LFB71:
 142:Core/Src/can_init.c **** 
 143:Core/Src/can_init.c **** void readMessage(void){
 469              		.loc 1 143 23 is_stmt 1 view -0
 470              		.cfi_startproc
 471              		@ args = 0, pretend = 0, frame = 0
 472              		@ frame_needed = 0, uses_anonymous_args = 0
 473              		@ link register save eliminated.
 144:Core/Src/can_init.c ****   
 145:Core/Src/can_init.c ****   CAN_RxMsg.id = 0;
 474              		.loc 1 145 3 view .LVU155
 475              		.loc 1 145 16 is_stmt 0 view .LVU156
 476 0000 2B4B     		ldr	r3, .L28
 477 0002 0022     		movs	r2, #0
 478 0004 1A60     		str	r2, [r3]
 146:Core/Src/can_init.c ****                                                  // Read identifier information
 147:Core/Src/can_init.c ****   if ((CAN1->sFIFOMailBox[0].RIR & (1<<2)) == 0) { // Standard ID
 479              		.loc 1 147 3 is_stmt 1 view .LVU157
 480              		.loc 1 147 29 is_stmt 0 view .LVU158
 481 0006 2B4B     		ldr	r3, .L28+4
 482 0008 D3F8B031 		ldr	r3, [r3, #432]
 483              		.loc 1 147 6 view .LVU159
 484 000c 13F0040F 		tst	r3, #4
 485 0010 07D1     		bne	.L23
 148:Core/Src/can_init.c ****     CAN_RxMsg.format = STANDART_FORMAT;
 486              		.loc 1 148 5 is_stmt 1 view .LVU160
 487              		.loc 1 148 22 is_stmt 0 view .LVU161
 488 0012 274A     		ldr	r2, .L28
 489 0014 0023     		movs	r3, #0
ARM GAS  /tmp/ccoA9Rz7.s 			page 12


 490 0016 5373     		strb	r3, [r2, #13]
 149:Core/Src/can_init.c ****     CAN_RxMsg.id     = (CAN1->sFIFOMailBox[0].RIR >> 21);
 491              		.loc 1 149 5 is_stmt 1 view .LVU162
 492              		.loc 1 149 46 is_stmt 0 view .LVU163
 493 0018 264B     		ldr	r3, .L28+4
 494 001a D3F8B031 		ldr	r3, [r3, #432]
 495              		.loc 1 149 51 view .LVU164
 496 001e 5B0D     		lsrs	r3, r3, #21
 497              		.loc 1 149 22 view .LVU165
 498 0020 1360     		str	r3, [r2]
 499              	.L23:
 150:Core/Src/can_init.c ****   }    
 151:Core/Src/can_init.c ****    if((CAN1->sFIFOMailBox[0].RIR & (1<<2)) == 1){                                          // Exten
 500              		.loc 1 151 4 is_stmt 1 view .LVU166
 501              		.loc 1 151 29 is_stmt 0 view .LVU167
 502 0022 244B     		ldr	r3, .L28+4
 503 0024 D3F8B031 		ldr	r3, [r3, #432]
 504              		.loc 1 151 34 view .LVU168
 505 0028 03F00403 		and	r3, r3, #4
 506              		.loc 1 151 6 view .LVU169
 507 002c 012B     		cmp	r3, #1
 508 002e 32D0     		beq	.L27
 509              	.L24:
 152:Core/Src/can_init.c ****     CAN_RxMsg.format = EXTENDED_FORMAT;
 153:Core/Src/can_init.c ****     CAN_RxMsg.id     = (CAN1->sFIFOMailBox[0].RIR >> 3);
 154:Core/Src/can_init.c ****   }
 155:Core/Src/can_init.c ****                                                   // Rea
 156:Core/Src/can_init.c ****   // d type information
 157:Core/Src/can_init.c ****   if ((CAN1->sFIFOMailBox[0].RIR & (1<<1)) == 0) {
 510              		.loc 1 157 3 is_stmt 1 view .LVU170
 511              		.loc 1 157 29 is_stmt 0 view .LVU171
 512 0030 204B     		ldr	r3, .L28+4
 513 0032 D3F8B031 		ldr	r3, [r3, #432]
 514              		.loc 1 157 6 view .LVU172
 515 0036 13F0020F 		tst	r3, #2
 516 003a 34D1     		bne	.L25
 158:Core/Src/can_init.c ****     CAN_RxMsg.type =   DATA_FRAME;                     // DATA   FRAME
 517              		.loc 1 158 5 is_stmt 1 view .LVU173
 518              		.loc 1 158 20 is_stmt 0 view .LVU174
 519 003c 1C4B     		ldr	r3, .L28
 520 003e 0022     		movs	r2, #0
 521 0040 9A73     		strb	r2, [r3, #14]
 522              	.L26:
 159:Core/Src/can_init.c ****   }  else  {
 160:Core/Src/can_init.c ****     CAN_RxMsg.type = REMOTE_FRAME;                     // REMOTE FRAME
 161:Core/Src/can_init.c ****   }
 162:Core/Src/can_init.c ****                                                   // Read length (number of received bytes)
 163:Core/Src/can_init.c ****   CAN_RxMsg.len = (unsigned char)0x0000000F & CAN1->sFIFOMailBox[0].RDTR;
 523              		.loc 1 163 3 is_stmt 1 view .LVU175
 524              		.loc 1 163 68 is_stmt 0 view .LVU176
 525 0042 1C4B     		ldr	r3, .L28+4
 526 0044 D3F8B411 		ldr	r1, [r3, #436]
 527              		.loc 1 163 45 view .LVU177
 528 0048 01F00F01 		and	r1, r1, #15
 529              		.loc 1 163 17 view .LVU178
 530 004c 184A     		ldr	r2, .L28
 531 004e 1173     		strb	r1, [r2, #12]
ARM GAS  /tmp/ccoA9Rz7.s 			page 13


 164:Core/Src/can_init.c ****                                                   // Read data bytes
 165:Core/Src/can_init.c ****   CAN_RxMsg.data[0] = (unsigned int)0x000000FF & (CAN1->sFIFOMailBox[0].RDLR);
 532              		.loc 1 165 3 is_stmt 1 view .LVU179
 533              		.loc 1 165 72 is_stmt 0 view .LVU180
 534 0050 D3F8B811 		ldr	r1, [r3, #440]
 535              		.loc 1 165 21 view .LVU181
 536 0054 1171     		strb	r1, [r2, #4]
 166:Core/Src/can_init.c ****   CAN_RxMsg.data[1] = (unsigned int)0x000000FF & (CAN1->sFIFOMailBox[0].RDLR >> 8);
 537              		.loc 1 166 3 is_stmt 1 view .LVU182
 538              		.loc 1 166 72 is_stmt 0 view .LVU183
 539 0056 D3F8B811 		ldr	r1, [r3, #440]
 540              		.loc 1 166 78 view .LVU184
 541 005a 090A     		lsrs	r1, r1, #8
 542              		.loc 1 166 21 view .LVU185
 543 005c 5171     		strb	r1, [r2, #5]
 167:Core/Src/can_init.c ****   CAN_RxMsg.data[2] = (unsigned int)0x000000FF & (CAN1->sFIFOMailBox[0].RDLR >> 16);
 544              		.loc 1 167 3 is_stmt 1 view .LVU186
 545              		.loc 1 167 72 is_stmt 0 view .LVU187
 546 005e D3F8B811 		ldr	r1, [r3, #440]
 547              		.loc 1 167 78 view .LVU188
 548 0062 090C     		lsrs	r1, r1, #16
 549              		.loc 1 167 21 view .LVU189
 550 0064 9171     		strb	r1, [r2, #6]
 168:Core/Src/can_init.c ****   CAN_RxMsg.data[3] = (unsigned int)0x000000FF & (CAN1->sFIFOMailBox[0].RDLR >> 24);
 551              		.loc 1 168 3 is_stmt 1 view .LVU190
 552              		.loc 1 168 72 is_stmt 0 view .LVU191
 553 0066 D3F8B811 		ldr	r1, [r3, #440]
 554              		.loc 1 168 78 view .LVU192
 555 006a 090E     		lsrs	r1, r1, #24
 556              		.loc 1 168 21 view .LVU193
 557 006c D171     		strb	r1, [r2, #7]
 169:Core/Src/can_init.c **** 
 170:Core/Src/can_init.c ****   CAN_RxMsg.data[4] = (unsigned int)0x000000FF & (CAN1->sFIFOMailBox[0].RDHR);
 558              		.loc 1 170 3 is_stmt 1 view .LVU194
 559              		.loc 1 170 72 is_stmt 0 view .LVU195
 560 006e D3F8BC11 		ldr	r1, [r3, #444]
 561              		.loc 1 170 21 view .LVU196
 562 0072 1172     		strb	r1, [r2, #8]
 171:Core/Src/can_init.c ****   CAN_RxMsg.data[5] = (unsigned int)0x000000FF & (CAN1->sFIFOMailBox[0].RDHR >> 8);
 563              		.loc 1 171 3 is_stmt 1 view .LVU197
 564              		.loc 1 171 72 is_stmt 0 view .LVU198
 565 0074 D3F8BC11 		ldr	r1, [r3, #444]
 566              		.loc 1 171 78 view .LVU199
 567 0078 090A     		lsrs	r1, r1, #8
 568              		.loc 1 171 21 view .LVU200
 569 007a 5172     		strb	r1, [r2, #9]
 172:Core/Src/can_init.c ****   CAN_RxMsg.data[6] = (unsigned int)0x000000FF & (CAN1->sFIFOMailBox[0].RDHR >> 16);
 570              		.loc 1 172 3 is_stmt 1 view .LVU201
 571              		.loc 1 172 72 is_stmt 0 view .LVU202
 572 007c D3F8BC11 		ldr	r1, [r3, #444]
 573              		.loc 1 172 78 view .LVU203
 574 0080 090C     		lsrs	r1, r1, #16
 575              		.loc 1 172 21 view .LVU204
 576 0082 9172     		strb	r1, [r2, #10]
 173:Core/Src/can_init.c ****   CAN_RxMsg.data[7] = (unsigned int)0x000000FF & (CAN1->sFIFOMailBox[0].RDHR >> 24);
 577              		.loc 1 173 3 is_stmt 1 view .LVU205
 578              		.loc 1 173 72 is_stmt 0 view .LVU206
ARM GAS  /tmp/ccoA9Rz7.s 			page 14


 579 0084 D3F8BC11 		ldr	r1, [r3, #444]
 580              		.loc 1 173 78 view .LVU207
 581 0088 090E     		lsrs	r1, r1, #24
 582              		.loc 1 173 21 view .LVU208
 583 008a D172     		strb	r1, [r2, #11]
 174:Core/Src/can_init.c **** 
 175:Core/Src/can_init.c ****   CAN1->RF0R |= CAN_RF0R_RFOM0;                    // Release FIFO 0 output mailbox
 584              		.loc 1 175 3 is_stmt 1 view .LVU209
 585              		.loc 1 175 7 is_stmt 0 view .LVU210
 586 008c DA68     		ldr	r2, [r3, #12]
 587              		.loc 1 175 14 view .LVU211
 588 008e 42F02002 		orr	r2, r2, #32
 589 0092 DA60     		str	r2, [r3, #12]
 176:Core/Src/can_init.c **** 
 177:Core/Src/can_init.c **** }
 590              		.loc 1 177 1 view .LVU212
 591 0094 7047     		bx	lr
 592              	.L27:
 152:Core/Src/can_init.c ****     CAN_RxMsg.id     = (CAN1->sFIFOMailBox[0].RIR >> 3);
 593              		.loc 1 152 5 is_stmt 1 view .LVU213
 152:Core/Src/can_init.c ****     CAN_RxMsg.id     = (CAN1->sFIFOMailBox[0].RIR >> 3);
 594              		.loc 1 152 22 is_stmt 0 view .LVU214
 595 0096 064A     		ldr	r2, .L28
 596 0098 5373     		strb	r3, [r2, #13]
 153:Core/Src/can_init.c ****   }
 597              		.loc 1 153 5 is_stmt 1 view .LVU215
 153:Core/Src/can_init.c ****   }
 598              		.loc 1 153 46 is_stmt 0 view .LVU216
 599 009a 064B     		ldr	r3, .L28+4
 600 009c D3F8B031 		ldr	r3, [r3, #432]
 153:Core/Src/can_init.c ****   }
 601              		.loc 1 153 51 view .LVU217
 602 00a0 DB08     		lsrs	r3, r3, #3
 153:Core/Src/can_init.c ****   }
 603              		.loc 1 153 22 view .LVU218
 604 00a2 1360     		str	r3, [r2]
 605 00a4 C4E7     		b	.L24
 606              	.L25:
 160:Core/Src/can_init.c ****   }
 607              		.loc 1 160 5 is_stmt 1 view .LVU219
 160:Core/Src/can_init.c ****   }
 608              		.loc 1 160 20 is_stmt 0 view .LVU220
 609 00a6 024B     		ldr	r3, .L28
 610 00a8 0122     		movs	r2, #1
 611 00aa 9A73     		strb	r2, [r3, #14]
 612 00ac C9E7     		b	.L26
 613              	.L29:
 614 00ae 00BF     		.align	2
 615              	.L28:
 616 00b0 00000000 		.word	CAN_RxMsg
 617 00b4 00640040 		.word	1073767424
 618              		.cfi_endproc
 619              	.LFE71:
 621              		.section	.text.Set_TxMailBox,"ax",%progbits
 622              		.align	1
 623              		.global	Set_TxMailBox
 624              		.syntax unified
ARM GAS  /tmp/ccoA9Rz7.s 			page 15


 625              		.thumb
 626              		.thumb_func
 628              	Set_TxMailBox:
 629              	.LVL6:
 630              	.LFB72:
 178:Core/Src/can_init.c **** 
 179:Core/Src/can_init.c **** void Set_TxMailBox(uint32_t TxMailBox, CAN_Msg msg){
 631              		.loc 1 179 52 is_stmt 1 view -0
 632              		.cfi_startproc
 633              		@ args = 20, pretend = 16, frame = 0
 634              		@ frame_needed = 0, uses_anonymous_args = 0
 635              		@ link register save eliminated.
 636              		.loc 1 179 52 is_stmt 0 view .LVU222
 637 0000 84B0     		sub	sp, sp, #16
 638              		.cfi_def_cfa_offset 16
 639 0002 0DF1040C 		add	ip, sp, #4
 640 0006 8CE80E00 		stm	ip, {r1, r2, r3}
 180:Core/Src/can_init.c ****     //CAN1->sTxMailBox[0].TIR = 0; //reset TIR register, reset value = 0xXXXXXXXX
 181:Core/Src/can_init.c ****     //CAN1->sTxMailBox[0].TIR |= (1<<2); //extended identifier
 182:Core/Src/can_init.c ****     /*
 183:Core/Src/can_init.c ****       bits between 3 to 20 (18 bits) are responsible for LSBs of Extended identifier
 184:Core/Src/can_init.c ****       bits between 21 to 31 (11 bits) are resbonsible for MSBs of Extended identifier when bit 2 is
 185:Core/Src/can_init.c ****       obviously these bits are for Mailboxes (for transmitting identifiers)
 186:Core/Src/can_init.c ****     */
 187:Core/Src/can_init.c ****         
 188:Core/Src/can_init.c ****     if (TxMailBox > 2)
 641              		.loc 1 188 5 is_stmt 1 view .LVU223
 642              		.loc 1 188 8 is_stmt 0 view .LVU224
 643 000a 0228     		cmp	r0, #2
 644 000c 47D8     		bhi	.L30
 189:Core/Src/can_init.c ****       return;
 190:Core/Src/can_init.c ****     
 191:Core/Src/can_init.c ****     CAN1->sTxMailBox[TxMailBox].TDLR = (((unsigned int)msg.data[3]<<24) | 
 645              		.loc 1 191 5 is_stmt 1 view .LVU225
 646              		.loc 1 191 64 is_stmt 0 view .LVU226
 647 000e 9DF80B20 		ldrb	r2, [sp, #11]	@ zero_extendqisi2
 192:Core/Src/can_init.c ****                                         ((unsigned int)msg.data[2]<<16) |
 648              		.loc 1 192 64 view .LVU227
 649 0012 9DF80A30 		ldrb	r3, [sp, #10]	@ zero_extendqisi2
 650              		.loc 1 192 67 view .LVU228
 651 0016 1B04     		lsls	r3, r3, #16
 191:Core/Src/can_init.c ****                                         ((unsigned int)msg.data[2]<<16) |
 652              		.loc 1 191 73 view .LVU229
 653 0018 43EA0263 		orr	r3, r3, r2, lsl #24
 193:Core/Src/can_init.c ****                                         ((unsigned int)msg.data[1]<<8)  | 
 654              		.loc 1 193 64 view .LVU230
 655 001c 9DF80920 		ldrb	r2, [sp, #9]	@ zero_extendqisi2
 192:Core/Src/can_init.c ****                                         ((unsigned int)msg.data[2]<<16) |
 656              		.loc 1 192 73 view .LVU231
 657 0020 43EA0223 		orr	r3, r3, r2, lsl #8
 194:Core/Src/can_init.c ****                                         ((unsigned int)msg.data[0]));
 658              		.loc 1 194 64 view .LVU232
 659 0024 9DF80820 		ldrb	r2, [sp, #8]	@ zero_extendqisi2
 193:Core/Src/can_init.c ****                                         ((unsigned int)msg.data[1]<<8)  | 
 660              		.loc 1 193 73 view .LVU233
 661 0028 1343     		orrs	r3, r3, r2
 191:Core/Src/can_init.c ****                                         ((unsigned int)msg.data[2]<<16) |
ARM GAS  /tmp/ccoA9Rz7.s 			page 16


 662              		.loc 1 191 38 view .LVU234
 663 002a 2B4A     		ldr	r2, .L36
 664 002c 02EB0011 		add	r1, r2, r0, lsl #4
 665 0030 C1F88831 		str	r3, [r1, #392]
 195:Core/Src/can_init.c **** 
 196:Core/Src/can_init.c ****     CAN1->sTxMailBox[TxMailBox].TDHR = (((unsigned int)msg.data[7]<<24) | 
 666              		.loc 1 196 5 is_stmt 1 view .LVU235
 667              		.loc 1 196 64 is_stmt 0 view .LVU236
 668 0034 9DF80FC0 		ldrb	ip, [sp, #15]	@ zero_extendqisi2
 197:Core/Src/can_init.c ****                                         ((unsigned int)msg.data[6]<<16) |
 669              		.loc 1 197 64 view .LVU237
 670 0038 9DF80E30 		ldrb	r3, [sp, #14]	@ zero_extendqisi2
 671              		.loc 1 197 67 view .LVU238
 672 003c 1B04     		lsls	r3, r3, #16
 196:Core/Src/can_init.c ****                                         ((unsigned int)msg.data[6]<<16) |
 673              		.loc 1 196 73 view .LVU239
 674 003e 43EA0C63 		orr	r3, r3, ip, lsl #24
 198:Core/Src/can_init.c ****                                         ((unsigned int)msg.data[5]<<8)  |
 675              		.loc 1 198 64 view .LVU240
 676 0042 9DF80DC0 		ldrb	ip, [sp, #13]	@ zero_extendqisi2
 197:Core/Src/can_init.c ****                                         ((unsigned int)msg.data[6]<<16) |
 677              		.loc 1 197 73 view .LVU241
 678 0046 43EA0C23 		orr	r3, r3, ip, lsl #8
 199:Core/Src/can_init.c ****                                         ((unsigned int)msg.data[4]));
 679              		.loc 1 199 64 view .LVU242
 680 004a 9DF80CC0 		ldrb	ip, [sp, #12]	@ zero_extendqisi2
 198:Core/Src/can_init.c ****                                         ((unsigned int)msg.data[5]<<8)  |
 681              		.loc 1 198 73 view .LVU243
 682 004e 43EA0C03 		orr	r3, r3, ip
 196:Core/Src/can_init.c ****                                         ((unsigned int)msg.data[6]<<16) |
 683              		.loc 1 196 38 view .LVU244
 684 0052 C1F88C31 		str	r3, [r1, #396]
 200:Core/Src/can_init.c **** 
 201:Core/Src/can_init.c ****     CAN1->sTxMailBox[TxMailBox].TDTR |= (msg.len<<0);
 685              		.loc 1 201 5 is_stmt 1 view .LVU245
 686              		.loc 1 201 32 is_stmt 0 view .LVU246
 687 0056 00F11803 		add	r3, r0, #24
 688 005a 02EB0313 		add	r3, r2, r3, lsl #4
 689 005e 5A68     		ldr	r2, [r3, #4]
 690              		.loc 1 201 45 view .LVU247
 691 0060 9DF81010 		ldrb	r1, [sp, #16]	@ zero_extendqisi2
 692              		.loc 1 201 38 view .LVU248
 693 0064 0A43     		orrs	r2, r2, r1
 694 0066 5A60     		str	r2, [r3, #4]
 202:Core/Src/can_init.c **** 
 203:Core/Src/can_init.c ****   
 204:Core/Src/can_init.c ****     //Clear the MailBox TIR register (reset value 0xXXXX XXXX)
 205:Core/Src/can_init.c ****     /*CAN1->sTxMailBox[TxMailBox].TIR &= ~0xFFFFFFFF;*/
 206:Core/Src/can_init.c **** 
 207:Core/Src/can_init.c ****     if (msg.format == STANDART_FORMAT){ //Standart CAN identifier
 695              		.loc 1 207 5 is_stmt 1 view .LVU249
 696              		.loc 1 207 12 is_stmt 0 view .LVU250
 697 0068 9DF81130 		ldrb	r3, [sp, #17]	@ zero_extendqisi2
 698              		.loc 1 207 8 view .LVU251
 699 006c CBB9     		cbnz	r3, .L32
 208:Core/Src/can_init.c ****       CAN1->sTxMailBox[TxMailBox].TIR &= ~(1<<2);	//
 700              		.loc 1 208 7 is_stmt 1 view .LVU252
ARM GAS  /tmp/ccoA9Rz7.s 			page 17


 701              		.loc 1 208 34 is_stmt 0 view .LVU253
 702 006e 1A4A     		ldr	r2, .L36
 703 0070 00F11803 		add	r3, r0, #24
 704 0074 1B01     		lsls	r3, r3, #4
 705 0076 D158     		ldr	r1, [r2, r3]
 706              		.loc 1 208 39 view .LVU254
 707 0078 21F00401 		bic	r1, r1, #4
 708 007c D150     		str	r1, [r2, r3]
 209:Core/Src/can_init.c ****       CAN1->sTxMailBox[TxMailBox].TIR |= (msg.id<<21); // Standart ID = 21 
 709              		.loc 1 209 7 is_stmt 1 view .LVU255
 710              		.loc 1 209 34 is_stmt 0 view .LVU256
 711 007e D158     		ldr	r1, [r2, r3]
 712              		.loc 1 209 39 view .LVU257
 713 0080 DDF804C0 		ldr	ip, [sp, #4]
 714 0084 41EA4C51 		orr	r1, r1, ip, lsl #21
 715 0088 D150     		str	r1, [r2, r3]
 716              	.L33:
 210:Core/Src/can_init.c ****     }
 211:Core/Src/can_init.c ****     //Extended CAN identifier
 212:Core/Src/can_init.c ****     else if(msg.format == EXTENDED_FORMAT){
 213:Core/Src/can_init.c ****       CAN1->sTxMailBox[TxMailBox].TIR |= (1<<2);
 214:Core/Src/can_init.c ****       CAN1->sTxMailBox[TxMailBox].TIR |= (msg.id<<3);
 215:Core/Src/can_init.c ****     }
 216:Core/Src/can_init.c **** 
 217:Core/Src/can_init.c ****     if(msg.type == DATA_FRAME)  //Data frame
 717              		.loc 1 217 5 is_stmt 1 view .LVU258
 718              		.loc 1 217 11 is_stmt 0 view .LVU259
 719 008a 9DF81230 		ldrb	r3, [sp, #18]	@ zero_extendqisi2
 720              		.loc 1 217 7 view .LVU260
 721 008e CBB9     		cbnz	r3, .L34
 218:Core/Src/can_init.c ****         CAN1->sTxMailBox[TxMailBox].TIR &= ~(1<<1);
 722              		.loc 1 218 9 is_stmt 1 view .LVU261
 723              		.loc 1 218 36 is_stmt 0 view .LVU262
 724 0090 114A     		ldr	r2, .L36
 725 0092 1830     		adds	r0, r0, #24
 726              	.LVL7:
 727              		.loc 1 218 36 view .LVU263
 728 0094 0001     		lsls	r0, r0, #4
 729              	.LVL8:
 730              		.loc 1 218 36 view .LVU264
 731 0096 1358     		ldr	r3, [r2, r0]
 732              		.loc 1 218 41 view .LVU265
 733 0098 23F00203 		bic	r3, r3, #2
 734 009c 1350     		str	r3, [r2, r0]
 735              	.L30:
 219:Core/Src/can_init.c ****     else if(msg.type == REMOTE_FRAME) //Remote Frame
 220:Core/Src/can_init.c ****         CAN1->sTxMailBox[TxMailBox].TIR |= (1<<1);
 221:Core/Src/can_init.c **** 
 222:Core/Src/can_init.c ****     
 223:Core/Src/can_init.c **** 
 224:Core/Src/can_init.c **** 
 225:Core/Src/can_init.c **** }
 736              		.loc 1 225 1 view .LVU266
 737 009e 04B0     		add	sp, sp, #16
 738              		.cfi_remember_state
 739              		.cfi_def_cfa_offset 0
 740 00a0 7047     		bx	lr
ARM GAS  /tmp/ccoA9Rz7.s 			page 18


 741              	.LVL9:
 742              	.L32:
 743              		.cfi_restore_state
 212:Core/Src/can_init.c ****       CAN1->sTxMailBox[TxMailBox].TIR |= (1<<2);
 744              		.loc 1 212 10 is_stmt 1 view .LVU267
 212:Core/Src/can_init.c ****       CAN1->sTxMailBox[TxMailBox].TIR |= (1<<2);
 745              		.loc 1 212 12 is_stmt 0 view .LVU268
 746 00a2 012B     		cmp	r3, #1
 747 00a4 F1D1     		bne	.L33
 213:Core/Src/can_init.c ****       CAN1->sTxMailBox[TxMailBox].TIR |= (msg.id<<3);
 748              		.loc 1 213 7 is_stmt 1 view .LVU269
 213:Core/Src/can_init.c ****       CAN1->sTxMailBox[TxMailBox].TIR |= (msg.id<<3);
 749              		.loc 1 213 34 is_stmt 0 view .LVU270
 750 00a6 0C4A     		ldr	r2, .L36
 751 00a8 00F11803 		add	r3, r0, #24
 752 00ac 1B01     		lsls	r3, r3, #4
 753 00ae D158     		ldr	r1, [r2, r3]
 213:Core/Src/can_init.c ****       CAN1->sTxMailBox[TxMailBox].TIR |= (msg.id<<3);
 754              		.loc 1 213 39 view .LVU271
 755 00b0 41F00401 		orr	r1, r1, #4
 756 00b4 D150     		str	r1, [r2, r3]
 214:Core/Src/can_init.c ****     }
 757              		.loc 1 214 7 is_stmt 1 view .LVU272
 214:Core/Src/can_init.c ****     }
 758              		.loc 1 214 34 is_stmt 0 view .LVU273
 759 00b6 D158     		ldr	r1, [r2, r3]
 214:Core/Src/can_init.c ****     }
 760              		.loc 1 214 39 view .LVU274
 761 00b8 DDF804C0 		ldr	ip, [sp, #4]
 762 00bc 41EACC01 		orr	r1, r1, ip, lsl #3
 763 00c0 D150     		str	r1, [r2, r3]
 764 00c2 E2E7     		b	.L33
 765              	.L34:
 219:Core/Src/can_init.c ****         CAN1->sTxMailBox[TxMailBox].TIR |= (1<<1);
 766              		.loc 1 219 10 is_stmt 1 view .LVU275
 219:Core/Src/can_init.c ****         CAN1->sTxMailBox[TxMailBox].TIR |= (1<<1);
 767              		.loc 1 219 12 is_stmt 0 view .LVU276
 768 00c4 012B     		cmp	r3, #1
 769 00c6 EAD1     		bne	.L30
 220:Core/Src/can_init.c **** 
 770              		.loc 1 220 9 is_stmt 1 view .LVU277
 220:Core/Src/can_init.c **** 
 771              		.loc 1 220 36 is_stmt 0 view .LVU278
 772 00c8 034A     		ldr	r2, .L36
 773 00ca 1830     		adds	r0, r0, #24
 774              	.LVL10:
 220:Core/Src/can_init.c **** 
 775              		.loc 1 220 36 view .LVU279
 776 00cc 0001     		lsls	r0, r0, #4
 777              	.LVL11:
 220:Core/Src/can_init.c **** 
 778              		.loc 1 220 36 view .LVU280
 779 00ce 1358     		ldr	r3, [r2, r0]
 220:Core/Src/can_init.c **** 
 780              		.loc 1 220 41 view .LVU281
 781 00d0 43F00203 		orr	r3, r3, #2
 782 00d4 1350     		str	r3, [r2, r0]
ARM GAS  /tmp/ccoA9Rz7.s 			page 19


 783 00d6 E2E7     		b	.L30
 784              	.L37:
 785              		.align	2
 786              	.L36:
 787 00d8 00640040 		.word	1073767424
 788              		.cfi_endproc
 789              	.LFE72:
 791              		.section	.text.can_mesaj_gonderla,"ax",%progbits
 792              		.align	1
 793              		.global	can_mesaj_gonderla
 794              		.syntax unified
 795              		.thumb
 796              		.thumb_func
 798              	can_mesaj_gonderla:
 799              	.LFB73:
 226:Core/Src/can_init.c **** 
 227:Core/Src/can_init.c **** void can_mesaj_gonderla(void){
 800              		.loc 1 227 30 is_stmt 1 view -0
 801              		.cfi_startproc
 802              		@ args = 0, pretend = 0, frame = 0
 803              		@ frame_needed = 0, uses_anonymous_args = 0
 804              		@ link register save eliminated.
 228:Core/Src/can_init.c ****     
 229:Core/Src/can_init.c ****     //CAN1->sTxMailBox[0].TIR |= (0x3FFFF<<3); 
 230:Core/Src/can_init.c ****     //CAN1->sTxMailBox[0].TIR &= ~(1<<1); // data frame 
 231:Core/Src/can_init.c ****     //CAN1->sTxMailBox[0].TDLR = (((unsigned int)CAN_TxMsg.data[3] << 24) | 
 232:Core/Src/can_init.c ****     //                        ((unsigned int)CAN_TxMsg.data[2] << 16) |
 233:Core/Src/can_init.c ****     //                        ((unsigned int)CAN_TxMsg.data[1] <<  8) | 
 234:Core/Src/can_init.c ****     //((unsigned int)CAN_TxMsg.data[0]));
 235:Core/Src/can_init.c ****     //CAN1->sTxMailBox[0].TDHR = (((unsigned int)CAN_TxMsg.data[7] << 24) | 
 236:Core/Src/can_init.c ****     //                        ((unsigned int)CAN_TxMsg.data[6] << 16) |
 237:Core/Src/can_init.c ****     //                        ((unsigned int)CAN_TxMsg.data[5] <<  8) |
 238:Core/Src/can_init.c ****     //                        ((unsigned int)CAN_TxMsg.data[4]));
 239:Core/Src/can_init.c ****     //CAN1->sTxMailBox[0].TDTR |= (1<<3);
 240:Core/Src/can_init.c ****     //CAN1->sTxMailBox[0].TDTR |= (1<<2);
 241:Core/Src/can_init.c ****     //CAN1->sTxMailBox[0].TDTR |= (1<<1);
 242:Core/Src/can_init.c ****     //CAN1->sTxMailBox[0].TDTR |= (1<<0);
 243:Core/Src/can_init.c ****     CAN1->IER |= (1<<0);                   // Enable TME interrup
 805              		.loc 1 243 5 view .LVU283
 806              		.loc 1 243 9 is_stmt 0 view .LVU284
 807 0000 054B     		ldr	r3, .L39
 808 0002 5A69     		ldr	r2, [r3, #20]
 809              		.loc 1 243 15 view .LVU285
 810 0004 42F00102 		orr	r2, r2, #1
 811 0008 5A61     		str	r2, [r3, #20]
 244:Core/Src/can_init.c ****     CAN1->sTxMailBox[0].TIR |= (1<<0);     // Transmit message   
 812              		.loc 1 244 5 is_stmt 1 view .LVU286
 813              		.loc 1 244 24 is_stmt 0 view .LVU287
 814 000a D3F88021 		ldr	r2, [r3, #384]
 815              		.loc 1 244 29 view .LVU288
 816 000e 42F00102 		orr	r2, r2, #1
 817 0012 C3F88021 		str	r2, [r3, #384]
 245:Core/Src/can_init.c **** }
 818              		.loc 1 245 1 view .LVU289
 819 0016 7047     		bx	lr
 820              	.L40:
 821              		.align	2
ARM GAS  /tmp/ccoA9Rz7.s 			page 20


 822              	.L39:
 823 0018 00640040 		.word	1073767424
 824              		.cfi_endproc
 825              	.LFE73:
 827              		.section	.text.USB_HP_CAN1_TX_IRQHandler,"ax",%progbits
 828              		.align	1
 829              		.global	USB_HP_CAN1_TX_IRQHandler
 830              		.syntax unified
 831              		.thumb
 832              		.thumb_func
 834              	USB_HP_CAN1_TX_IRQHandler:
 835              	.LFB74:
 246:Core/Src/can_init.c **** 
 247:Core/Src/can_init.c **** void USB_HP_CAN1_TX_IRQHandler(void){
 836              		.loc 1 247 37 is_stmt 1 view -0
 837              		.cfi_startproc
 838              		@ args = 0, pretend = 0, frame = 0
 839              		@ frame_needed = 0, uses_anonymous_args = 0
 840 0000 08B5     		push	{r3, lr}
 841              		.cfi_def_cfa_offset 8
 842              		.cfi_offset 3, -8
 843              		.cfi_offset 14, -4
 248:Core/Src/can_init.c ****     //CAN1->sTxMailBox[0].TIR = 0; //reset TIR register, reset value = 0xXXXXXXXX
 249:Core/Src/can_init.c ****     //CAN1->sTxMailBox[0].TIR |= (1<<2); //extended identifier
 250:Core/Src/can_init.c ****       
 251:Core/Src/can_init.c ****       //bits between 3 to 20 (18 bits) are responsible for LSBs of Extended identifier
 252:Core/Src/can_init.c ****       //bits between 21 to 31 (11 bits) are resbonsible for MSBs of Extended identifier when bit 2 
 253:Core/Src/can_init.c ****       //obviously these bits are for Mailboxes (for transmitting identifiers)
 254:Core/Src/can_init.c ****     // Setup type information
 255:Core/Src/can_init.c ****     //CAN1->sTxMailBox[0].TIR &= ~(1<<1); // data frame 
 256:Core/Src/can_init.c ****     // Setup data bytes
 257:Core/Src/can_init.c **** 
 258:Core/Src/can_init.c ****     can_mesaj_gonderla(); 
 844              		.loc 1 258 5 view .LVU291
 845 0002 FFF7FEFF 		bl	can_mesaj_gonderla
 846              	.LVL12:
 259:Core/Src/can_init.c ****     for(int i = 0; i<=1000000; i++);
 847              		.loc 1 259 5 view .LVU292
 848              	.LBB2:
 849              		.loc 1 259 9 view .LVU293
 850              		.loc 1 259 13 is_stmt 0 view .LVU294
 851 0006 0023     		movs	r3, #0
 852              		.loc 1 259 5 view .LVU295
 853 0008 00E0     		b	.L42
 854              	.LVL13:
 855              	.L43:
 856              		.loc 1 259 33 is_stmt 1 discriminator 3 view .LVU296
 857 000a 0133     		adds	r3, r3, #1
 858              	.LVL14:
 859              	.L42:
 860              		.loc 1 259 21 discriminator 1 view .LVU297
 861 000c 014A     		ldr	r2, .L45
 862 000e 9342     		cmp	r3, r2
 863 0010 FBDD     		ble	.L43
 864              	.LBE2:
 260:Core/Src/can_init.c **** }
 865              		.loc 1 260 1 is_stmt 0 view .LVU298
ARM GAS  /tmp/ccoA9Rz7.s 			page 21


 866 0012 08BD     		pop	{r3, pc}
 867              	.LVL15:
 868              	.L46:
 869              		.loc 1 260 1 view .LVU299
 870              		.align	2
 871              	.L45:
 872 0014 40420F00 		.word	1000000
 873              		.cfi_endproc
 874              	.LFE74:
 876              		.section	.text.USB_LP_CAN1_RX0_IRQHandler,"ax",%progbits
 877              		.align	1
 878              		.global	USB_LP_CAN1_RX0_IRQHandler
 879              		.syntax unified
 880              		.thumb
 881              		.thumb_func
 883              	USB_LP_CAN1_RX0_IRQHandler:
 884              	.LFB75:
 261:Core/Src/can_init.c **** 
 262:Core/Src/can_init.c **** void USB_LP_CAN1_RX0_IRQHandler(void){
 885              		.loc 1 262 38 is_stmt 1 view -0
 886              		.cfi_startproc
 887              		@ args = 0, pretend = 0, frame = 0
 888              		@ frame_needed = 0, uses_anonymous_args = 0
 889 0000 08B5     		push	{r3, lr}
 890              		.cfi_def_cfa_offset 8
 891              		.cfi_offset 3, -8
 892              		.cfi_offset 14, -4
 263:Core/Src/can_init.c ****     led_on();
 893              		.loc 1 263 5 view .LVU301
 894 0002 FFF7FEFF 		bl	led_on
 895              	.LVL16:
 264:Core/Src/can_init.c ****     readMessage();
 896              		.loc 1 264 5 view .LVU302
 897 0006 FFF7FEFF 		bl	readMessage
 898              	.LVL17:
 265:Core/Src/can_init.c **** }
 899              		.loc 1 265 1 is_stmt 0 view .LVU303
 900 000a 08BD     		pop	{r3, pc}
 901              		.cfi_endproc
 902              	.LFE75:
 904              		.section	.bss.CAN_filterIdx.0,"aw",%nobits
 905              		.align	1
 908              	CAN_filterIdx.0:
 909 0000 0000     		.space	2
 910              		.global	CAN_RxMsg
 911              		.section	.bss.CAN_RxMsg,"aw",%nobits
 912              		.align	2
 915              	CAN_RxMsg:
 916 0000 00000000 		.space	16
 916      00000000 
 916      00000000 
 916      00000000 
 917              		.global	CAN_TxMsg
 918              		.section	.bss.CAN_TxMsg,"aw",%nobits
 919              		.align	2
 922              	CAN_TxMsg:
 923 0000 00000000 		.space	16
ARM GAS  /tmp/ccoA9Rz7.s 			page 22


 923      00000000 
 923      00000000 
 923      00000000 
 924              		.text
 925              	.Letext0:
 926              		.file 2 "/home/bugraalp/.config/Code - OSS/User/globalStorage/bmd.stm32-for-vscode/@xpack-dev-tool
 927              		.file 3 "/home/bugraalp/.config/Code - OSS/User/globalStorage/bmd.stm32-for-vscode/@xpack-dev-tool
 928              		.file 4 "Drivers/CMSIS/Include/core_cm3.h"
 929              		.file 5 "Drivers/CMSIS/Device/ST/STM32F1xx/Include/stm32f103xb.h"
 930              		.file 6 "Core/Inc/can_init.h"
ARM GAS  /tmp/ccoA9Rz7.s 			page 23


DEFINED SYMBOLS
                            *ABS*:00000000 can_init.c
     /tmp/ccoA9Rz7.s:19     .text.clock_enable:00000000 $t
     /tmp/ccoA9Rz7.s:25     .text.clock_enable:00000000 clock_enable
     /tmp/ccoA9Rz7.s:56     .text.clock_enable:0000001c $d
     /tmp/ccoA9Rz7.s:61     .text.led_init:00000000 $t
     /tmp/ccoA9Rz7.s:67     .text.led_init:00000000 led_init
     /tmp/ccoA9Rz7.s:117    .text.led_init:00000038 $d
     /tmp/ccoA9Rz7.s:123    .text.led_on:00000000 $t
     /tmp/ccoA9Rz7.s:129    .text.led_on:00000000 led_on
     /tmp/ccoA9Rz7.s:148    .text.led_on:0000000c $d
     /tmp/ccoA9Rz7.s:153    .text.gpio_enable:00000000 $t
     /tmp/ccoA9Rz7.s:159    .text.gpio_enable:00000000 gpio_enable
     /tmp/ccoA9Rz7.s:224    .text.gpio_enable:00000048 $d
     /tmp/ccoA9Rz7.s:229    .text.can_init:00000000 $t
     /tmp/ccoA9Rz7.s:235    .text.can_init:00000000 can_init
     /tmp/ccoA9Rz7.s:342    .text.can_init:00000080 $d
     /tmp/ccoA9Rz7.s:349    .text.can_filtre_ayarlama_takay03:00000000 $t
     /tmp/ccoA9Rz7.s:355    .text.can_filtre_ayarlama_takay03:00000000 can_filtre_ayarlama_takay03
     /tmp/ccoA9Rz7.s:455    .text.can_filtre_ayarlama_takay03:00000084 $d
     /tmp/ccoA9Rz7.s:908    .bss.CAN_filterIdx.0:00000000 CAN_filterIdx.0
     /tmp/ccoA9Rz7.s:461    .text.readMessage:00000000 $t
     /tmp/ccoA9Rz7.s:467    .text.readMessage:00000000 readMessage
     /tmp/ccoA9Rz7.s:616    .text.readMessage:000000b0 $d
     /tmp/ccoA9Rz7.s:915    .bss.CAN_RxMsg:00000000 CAN_RxMsg
     /tmp/ccoA9Rz7.s:622    .text.Set_TxMailBox:00000000 $t
     /tmp/ccoA9Rz7.s:628    .text.Set_TxMailBox:00000000 Set_TxMailBox
     /tmp/ccoA9Rz7.s:787    .text.Set_TxMailBox:000000d8 $d
     /tmp/ccoA9Rz7.s:792    .text.can_mesaj_gonderla:00000000 $t
     /tmp/ccoA9Rz7.s:798    .text.can_mesaj_gonderla:00000000 can_mesaj_gonderla
     /tmp/ccoA9Rz7.s:823    .text.can_mesaj_gonderla:00000018 $d
     /tmp/ccoA9Rz7.s:828    .text.USB_HP_CAN1_TX_IRQHandler:00000000 $t
     /tmp/ccoA9Rz7.s:834    .text.USB_HP_CAN1_TX_IRQHandler:00000000 USB_HP_CAN1_TX_IRQHandler
     /tmp/ccoA9Rz7.s:872    .text.USB_HP_CAN1_TX_IRQHandler:00000014 $d
     /tmp/ccoA9Rz7.s:877    .text.USB_LP_CAN1_RX0_IRQHandler:00000000 $t
     /tmp/ccoA9Rz7.s:883    .text.USB_LP_CAN1_RX0_IRQHandler:00000000 USB_LP_CAN1_RX0_IRQHandler
     /tmp/ccoA9Rz7.s:905    .bss.CAN_filterIdx.0:00000000 $d
     /tmp/ccoA9Rz7.s:912    .bss.CAN_RxMsg:00000000 $d
     /tmp/ccoA9Rz7.s:922    .bss.CAN_TxMsg:00000000 CAN_TxMsg
     /tmp/ccoA9Rz7.s:919    .bss.CAN_TxMsg:00000000 $d

NO UNDEFINED SYMBOLS
